[2020-05-23 14:41:04] local.ERROR: file_put_contents(F:\wamp\www\Work\Metrica\metrica-laravel-v2\storage\framework/sessions/wL8DhaEh2ReUmJivOJc70KwUchaUDtTxVJdlqsno): failed to open stream: No such file or directory {"exception":"[object] (ErrorException(code: 0): file_put_contents(F:\\wamp\\www\\Work\\Metrica\\metrica-laravel-v2\\storage\\framework/sessions/wL8DhaEh2ReUmJivOJc70KwUchaUDtTxVJdlqsno): failed to open stream: No such file or directory at /home/vandeco/Documentos/Metrica-Laravel-v2.1.0/Admin/vendor/laravel/framework/src/Illuminate/Filesystem/Filesystem.php:133)
[stacktrace]
#0 [internal function]: Illuminate\\Foundation\\Bootstrap\\HandleExceptions->handleError(2, 'file_put_conten...', '/home/vandeco/D...', 133, Array)
#1 /home/vandeco/Documentos/Metrica-Laravel-v2.1.0/Admin/vendor/laravel/framework/src/Illuminate/Filesystem/Filesystem.php(133): file_put_contents('F:\\\\wamp\\\\www\\\\Wor...', 'a:3:{s:6:\"_toke...', 2)
#2 /home/vandeco/Documentos/Metrica-Laravel-v2.1.0/Admin/vendor/laravel/framework/src/Illuminate/Session/FileSessionHandler.php(83): Illuminate\\Filesystem\\Filesystem->put('F:\\\\wamp\\\\www\\\\Wor...', 'a:3:{s:6:\"_toke...', true)
#3 /home/vandeco/Documentos/Metrica-Laravel-v2.1.0/Admin/vendor/laravel/framework/src/Illuminate/Session/Store.php(129): Illuminate\\Session\\FileSessionHandler->write('wL8DhaEh2ReUmJi...', 'a:3:{s:6:\"_toke...')
#4 /home/vandeco/Documentos/Metrica-Laravel-v2.1.0/Admin/vendor/laravel/framework/src/Illuminate/Session/Middleware/StartSession.php(231): Illuminate\\Session\\Store->save()
#5 /home/vandeco/Documentos/Metrica-Laravel-v2.1.0/Admin/vendor/laravel/framework/src/Illuminate/Session/Middleware/StartSession.php(125): Illuminate\\Session\\Middleware\\StartSession->saveSession(Object(Illuminate\\Http\\Request))
#6 /home/vandeco/Documentos/Metrica-Laravel-v2.1.0/Admin/vendor/laravel/framework/src/Illuminate/Session/Middleware/StartSession.php(62): Illuminate\\Session\\Middleware\\StartSession->handleStatefulRequest(Object(Illuminate\\Http\\Request), Object(Illuminate\\Session\\Store), Object(Closure))
#7 /home/vandeco/Documentos/Metrica-Laravel-v2.1.0/Admin/vendor/laravel/framework/src/Illuminate/Pipeline/Pipeline.php(167): Illuminate\\Session\\Middleware\\StartSession->handle(Object(Illuminate\\Http\\Request), Object(Closure))
#8 /home/vandeco/Documentos/Metrica-Laravel-v2.1.0/Admin/vendor/laravel/framework/src/Illuminate/Cookie/Middleware/AddQueuedCookiesToResponse.php(37): Illuminate\\Pipeline\\Pipeline->Illuminate\\Pipeline\\{closure}(Object(Illuminate\\Http\\Request))
#9 /home/vandeco/Documentos/Metrica-Laravel-v2.1.0/Admin/vendor/laravel/framework/src/Illuminate/Pipeline/Pipeline.php(167): Illuminate\\Cookie\\Middleware\\AddQueuedCookiesToResponse->handle(Object(Illuminate\\Http\\Request), Object(Closure))
#10 /home/vandeco/Documentos/Metrica-Laravel-v2.1.0/Admin/vendor/laravel/framework/src/Illuminate/Cookie/Middleware/EncryptCookies.php(66): Illuminate\\Pipeline\\Pipeline->Illuminate\\Pipeline\\{closure}(Object(Illuminate\\Http\\Request))
#11 /home/vandeco/Documentos/Metrica-Laravel-v2.1.0/Admin/vendor/laravel/framework/src/Illuminate/Pipeline/Pipeline.php(167): Illuminate\\Cookie\\Middleware\\EncryptCookies->handle(Object(Illuminate\\Http\\Request), Object(Closure))
#12 /home/vandeco/Documentos/Metrica-Laravel-v2.1.0/Admin/vendor/laravel/framework/src/Illuminate/Pipeline/Pipeline.php(103): Illuminate\\Pipeline\\Pipeline->Illuminate\\Pipeline\\{closure}(Object(Illuminate\\Http\\Request))
#13 /home/vandeco/Documentos/Metrica-Laravel-v2.1.0/Admin/vendor/laravel/framework/src/Illuminate/Routing/Router.php(687): Illuminate\\Pipeline\\Pipeline->then(Object(Closure))
#14 /home/vandeco/Documentos/Metrica-Laravel-v2.1.0/Admin/vendor/laravel/framework/src/Illuminate/Routing/Router.php(662): Illuminate\\Routing\\Router->runRouteWithinStack(Object(Illuminate\\Routing\\Route), Object(Illuminate\\Http\\Request))
#15 /home/vandeco/Documentos/Metrica-Laravel-v2.1.0/Admin/vendor/laravel/framework/src/Illuminate/Routing/Router.php(628): Illuminate\\Routing\\Router->runRoute(Object(Illuminate\\Http\\Request), Object(Illuminate\\Routing\\Route))
#16 /home/vandeco/Documentos/Metrica-Laravel-v2.1.0/Admin/vendor/laravel/framework/src/Illuminate/Routing/Router.php(617): Illuminate\\Routing\\Router->dispatchToRoute(Object(Illuminate\\Http\\Request))
#17 /home/vandeco/Documentos/Metrica-Laravel-v2.1.0/Admin/vendor/laravel/framework/src/Illuminate/Foundation/Http/Kernel.php(165): Illuminate\\Routing\\Router->dispatch(Object(Illuminate\\Http\\Request))
#18 /home/vandeco/Documentos/Metrica-Laravel-v2.1.0/Admin/vendor/laravel/framework/src/Illuminate/Pipeline/Pipeline.php(128): Illuminate\\Foundation\\Http\\Kernel->Illuminate\\Foundation\\Http\\{closure}(Object(Illuminate\\Http\\Request))
#19 /home/vandeco/Documentos/Metrica-Laravel-v2.1.0/Admin/vendor/laravel/framework/src/Illuminate/Foundation/Http/Middleware/TransformsRequest.php(21): Illuminate\\Pipeline\\Pipeline->Illuminate\\Pipeline\\{closure}(Object(Illuminate\\Http\\Request))
#20 /home/vandeco/Documentos/Metrica-Laravel-v2.1.0/Admin/vendor/laravel/framework/src/Illuminate/Pipeline/Pipeline.php(167): Illuminate\\Foundation\\Http\\Middleware\\TransformsRequest->handle(Object(Illuminate\\Http\\Request), Object(Closure))
#21 /home/vandeco/Documentos/Metrica-Laravel-v2.1.0/Admin/vendor/laravel/framework/src/Illuminate/Foundation/Http/Middleware/TransformsRequest.php(21): Illuminate\\Pipeline\\Pipeline->Illuminate\\Pipeline\\{closure}(Object(Illuminate\\Http\\Request))
#22 /home/vandeco/Documentos/Metrica-Laravel-v2.1.0/Admin/vendor/laravel/framework/src/Illuminate/Pipeline/Pipeline.php(167): Illuminate\\Foundation\\Http\\Middleware\\TransformsRequest->handle(Object(Illuminate\\Http\\Request), Object(Closure))
#23 /home/vandeco/Documentos/Metrica-Laravel-v2.1.0/Admin/vendor/laravel/framework/src/Illuminate/Foundation/Http/Middleware/ValidatePostSize.php(27): Illuminate\\Pipeline\\Pipeline->Illuminate\\Pipeline\\{closure}(Object(Illuminate\\Http\\Request))
#24 /home/vandeco/Documentos/Metrica-Laravel-v2.1.0/Admin/vendor/laravel/framework/src/Illuminate/Pipeline/Pipeline.php(167): Illuminate\\Foundation\\Http\\Middleware\\ValidatePostSize->handle(Object(Illuminate\\Http\\Request), Object(Closure))
#25 /home/vandeco/Documentos/Metrica-Laravel-v2.1.0/Admin/vendor/laravel/framework/src/Illuminate/Foundation/Http/Middleware/CheckForMaintenanceMode.php(63): Illuminate\\Pipeline\\Pipeline->Illuminate\\Pipeline\\{closure}(Object(Illuminate\\Http\\Request))
#26 /home/vandeco/Documentos/Metrica-Laravel-v2.1.0/Admin/vendor/laravel/framework/src/Illuminate/Pipeline/Pipeline.php(167): Illuminate\\Foundation\\Http\\Middleware\\CheckForMaintenanceMode->handle(Object(Illuminate\\Http\\Request), Object(Closure))
#27 /home/vandeco/Documentos/Metrica-Laravel-v2.1.0/Admin/vendor/fruitcake/laravel-cors/src/HandleCors.php(37): Illuminate\\Pipeline\\Pipeline->Illuminate\\Pipeline\\{closure}(Object(Illuminate\\Http\\Request))
#28 /home/vandeco/Documentos/Metrica-Laravel-v2.1.0/Admin/vendor/laravel/framework/src/Illuminate/Pipeline/Pipeline.php(167): Fruitcake\\Cors\\HandleCors->handle(Object(Illuminate\\Http\\Request), Object(Closure))
#29 /home/vandeco/Documentos/Metrica-Laravel-v2.1.0/Admin/vendor/fideloper/proxy/src/TrustProxies.php(57): Illuminate\\Pipeline\\Pipeline->Illuminate\\Pipeline\\{closure}(Object(Illuminate\\Http\\Request))
#30 /home/vandeco/Documentos/Metrica-Laravel-v2.1.0/Admin/vendor/laravel/framework/src/Illuminate/Pipeline/Pipeline.php(167): Fideloper\\Proxy\\TrustProxies->handle(Object(Illuminate\\Http\\Request), Object(Closure))
#31 /home/vandeco/Documentos/Metrica-Laravel-v2.1.0/Admin/vendor/laravel/framework/src/Illuminate/Pipeline/Pipeline.php(103): Illuminate\\Pipeline\\Pipeline->Illuminate\\Pipeline\\{closure}(Object(Illuminate\\Http\\Request))
#32 /home/vandeco/Documentos/Metrica-Laravel-v2.1.0/Admin/vendor/laravel/framework/src/Illuminate/Foundation/Http/Kernel.php(140): Illuminate\\Pipeline\\Pipeline->then(Object(Closure))
#33 /home/vandeco/Documentos/Metrica-Laravel-v2.1.0/Admin/vendor/laravel/framework/src/Illuminate/Foundation/Http/Kernel.php(109): Illuminate\\Foundation\\Http\\Kernel->sendRequestThroughRouter(Object(Illuminate\\Http\\Request))
#34 /home/vandeco/Documentos/Metrica-Laravel-v2.1.0/Admin/public/index.php(55): Illuminate\\Foundation\\Http\\Kernel->handle(Object(Illuminate\\Http\\Request))
#35 /home/vandeco/Documentos/Metrica-Laravel-v2.1.0/Admin/server.php(21): require_once('/home/vandeco/D...')
#36 {main}
"} 
[2020-05-23 14:43:18] local.ERROR: file_put_contents(F:\wamp\www\Work\Metrica\metrica-laravel-v2\storage\framework/sessions/wL8DhaEh2ReUmJivOJc70KwUchaUDtTxVJdlqsno): failed to open stream: No such file or directory {"exception":"[object] (ErrorException(code: 0): file_put_contents(F:\\wamp\\www\\Work\\Metrica\\metrica-laravel-v2\\storage\\framework/sessions/wL8DhaEh2ReUmJivOJc70KwUchaUDtTxVJdlqsno): failed to open stream: No such file or directory at /home/vandeco/Documentos/Metrica-Laravel-v2.1.0/Admin/vendor/laravel/framework/src/Illuminate/Filesystem/Filesystem.php:133)
[stacktrace]
#0 [internal function]: Illuminate\\Foundation\\Bootstrap\\HandleExceptions->handleError(2, 'file_put_conten...', '/home/vandeco/D...', 133, Array)
#1 /home/vandeco/Documentos/Metrica-Laravel-v2.1.0/Admin/vendor/laravel/framework/src/Illuminate/Filesystem/Filesystem.php(133): file_put_contents('F:\\\\wamp\\\\www\\\\Wor...', 'a:3:{s:6:\"_toke...', 2)
#2 /home/vandeco/Documentos/Metrica-Laravel-v2.1.0/Admin/vendor/laravel/framework/src/Illuminate/Session/FileSessionHandler.php(83): Illuminate\\Filesystem\\Filesystem->put('F:\\\\wamp\\\\www\\\\Wor...', 'a:3:{s:6:\"_toke...', true)
#3 /home/vandeco/Documentos/Metrica-Laravel-v2.1.0/Admin/vendor/laravel/framework/src/Illuminate/Session/Store.php(129): Illuminate\\Session\\FileSessionHandler->write('wL8DhaEh2ReUmJi...', 'a:3:{s:6:\"_toke...')
#4 /home/vandeco/Documentos/Metrica-Laravel-v2.1.0/Admin/vendor/laravel/framework/src/Illuminate/Session/Middleware/StartSession.php(231): Illuminate\\Session\\Store->save()
#5 /home/vandeco/Documentos/Metrica-Laravel-v2.1.0/Admin/vendor/laravel/framework/src/Illuminate/Session/Middleware/StartSession.php(125): Illuminate\\Session\\Middleware\\StartSession->saveSession(Object(Illuminate\\Http\\Request))
#6 /home/vandeco/Documentos/Metrica-Laravel-v2.1.0/Admin/vendor/laravel/framework/src/Illuminate/Session/Middleware/StartSession.php(62): Illuminate\\Session\\Middleware\\StartSession->handleStatefulRequest(Object(Illuminate\\Http\\Request), Object(Illuminate\\Session\\Store), Object(Closure))
#7 /home/vandeco/Documentos/Metrica-Laravel-v2.1.0/Admin/vendor/laravel/framework/src/Illuminate/Pipeline/Pipeline.php(167): Illuminate\\Session\\Middleware\\StartSession->handle(Object(Illuminate\\Http\\Request), Object(Closure))
#8 /home/vandeco/Documentos/Metrica-Laravel-v2.1.0/Admin/vendor/laravel/framework/src/Illuminate/Cookie/Middleware/AddQueuedCookiesToResponse.php(37): Illuminate\\Pipeline\\Pipeline->Illuminate\\Pipeline\\{closure}(Object(Illuminate\\Http\\Request))
#9 /home/vandeco/Documentos/Metrica-Laravel-v2.1.0/Admin/vendor/laravel/framework/src/Illuminate/Pipeline/Pipeline.php(167): Illuminate\\Cookie\\Middleware\\AddQueuedCookiesToResponse->handle(Object(Illuminate\\Http\\Request), Object(Closure))
#10 /home/vandeco/Documentos/Metrica-Laravel-v2.1.0/Admin/vendor/laravel/framework/src/Illuminate/Cookie/Middleware/EncryptCookies.php(66): Illuminate\\Pipeline\\Pipeline->Illuminate\\Pipeline\\{closure}(Object(Illuminate\\Http\\Request))
#11 /home/vandeco/Documentos/Metrica-Laravel-v2.1.0/Admin/vendor/laravel/framework/src/Illuminate/Pipeline/Pipeline.php(167): Illuminate\\Cookie\\Middleware\\EncryptCookies->handle(Object(Illuminate\\Http\\Request), Object(Closure))
#12 /home/vandeco/Documentos/Metrica-Laravel-v2.1.0/Admin/vendor/laravel/framework/src/Illuminate/Pipeline/Pipeline.php(103): Illuminate\\Pipeline\\Pipeline->Illuminate\\Pipeline\\{closure}(Object(Illuminate\\Http\\Request))
#13 /home/vandeco/Documentos/Metrica-Laravel-v2.1.0/Admin/vendor/laravel/framework/src/Illuminate/Routing/Router.php(687): Illuminate\\Pipeline\\Pipeline->then(Object(Closure))
#14 /home/vandeco/Documentos/Metrica-Laravel-v2.1.0/Admin/vendor/laravel/framework/src/Illuminate/Routing/Router.php(662): Illuminate\\Routing\\Router->runRouteWithinStack(Object(Illuminate\\Routing\\Route), Object(Illuminate\\Http\\Request))
#15 /home/vandeco/Documentos/Metrica-Laravel-v2.1.0/Admin/vendor/laravel/framework/src/Illuminate/Routing/Router.php(628): Illuminate\\Routing\\Router->runRoute(Object(Illuminate\\Http\\Request), Object(Illuminate\\Routing\\Route))
#16 /home/vandeco/Documentos/Metrica-Laravel-v2.1.0/Admin/vendor/laravel/framework/src/Illuminate/Routing/Router.php(617): Illuminate\\Routing\\Router->dispatchToRoute(Object(Illuminate\\Http\\Request))
#17 /home/vandeco/Documentos/Metrica-Laravel-v2.1.0/Admin/vendor/laravel/framework/src/Illuminate/Foundation/Http/Kernel.php(165): Illuminate\\Routing\\Router->dispatch(Object(Illuminate\\Http\\Request))
#18 /home/vandeco/Documentos/Metrica-Laravel-v2.1.0/Admin/vendor/laravel/framework/src/Illuminate/Pipeline/Pipeline.php(128): Illuminate\\Foundation\\Http\\Kernel->Illuminate\\Foundation\\Http\\{closure}(Object(Illuminate\\Http\\Request))
#19 /home/vandeco/Documentos/Metrica-Laravel-v2.1.0/Admin/vendor/laravel/framework/src/Illuminate/Foundation/Http/Middleware/TransformsRequest.php(21): Illuminate\\Pipeline\\Pipeline->Illuminate\\Pipeline\\{closure}(Object(Illuminate\\Http\\Request))
#20 /home/vandeco/Documentos/Metrica-Laravel-v2.1.0/Admin/vendor/laravel/framework/src/Illuminate/Pipeline/Pipeline.php(167): Illuminate\\Foundation\\Http\\Middleware\\TransformsRequest->handle(Object(Illuminate\\Http\\Request), Object(Closure))
#21 /home/vandeco/Documentos/Metrica-Laravel-v2.1.0/Admin/vendor/laravel/framework/src/Illuminate/Foundation/Http/Middleware/TransformsRequest.php(21): Illuminate\\Pipeline\\Pipeline->Illuminate\\Pipeline\\{closure}(Object(Illuminate\\Http\\Request))
#22 /home/vandeco/Documentos/Metrica-Laravel-v2.1.0/Admin/vendor/laravel/framework/src/Illuminate/Pipeline/Pipeline.php(167): Illuminate\\Foundation\\Http\\Middleware\\TransformsRequest->handle(Object(Illuminate\\Http\\Request), Object(Closure))
#23 /home/vandeco/Documentos/Metrica-Laravel-v2.1.0/Admin/vendor/laravel/framework/src/Illuminate/Foundation/Http/Middleware/ValidatePostSize.php(27): Illuminate\\Pipeline\\Pipeline->Illuminate\\Pipeline\\{closure}(Object(Illuminate\\Http\\Request))
#24 /home/vandeco/Documentos/Metrica-Laravel-v2.1.0/Admin/vendor/laravel/framework/src/Illuminate/Pipeline/Pipeline.php(167): Illuminate\\Foundation\\Http\\Middleware\\ValidatePostSize->handle(Object(Illuminate\\Http\\Request), Object(Closure))
#25 /home/vandeco/Documentos/Metrica-Laravel-v2.1.0/Admin/vendor/laravel/framework/src/Illuminate/Foundation/Http/Middleware/CheckForMaintenanceMode.php(63): Illuminate\\Pipeline\\Pipeline->Illuminate\\Pipeline\\{closure}(Object(Illuminate\\Http\\Request))
#26 /home/vandeco/Documentos/Metrica-Laravel-v2.1.0/Admin/vendor/laravel/framework/src/Illuminate/Pipeline/Pipeline.php(167): Illuminate\\Foundation\\Http\\Middleware\\CheckForMaintenanceMode->handle(Object(Illuminate\\Http\\Request), Object(Closure))
#27 /home/vandeco/Documentos/Metrica-Laravel-v2.1.0/Admin/vendor/fruitcake/laravel-cors/src/HandleCors.php(37): Illuminate\\Pipeline\\Pipeline->Illuminate\\Pipeline\\{closure}(Object(Illuminate\\Http\\Request))
#28 /home/vandeco/Documentos/Metrica-Laravel-v2.1.0/Admin/vendor/laravel/framework/src/Illuminate/Pipeline/Pipeline.php(167): Fruitcake\\Cors\\HandleCors->handle(Object(Illuminate\\Http\\Request), Object(Closure))
#29 /home/vandeco/Documentos/Metrica-Laravel-v2.1.0/Admin/vendor/fideloper/proxy/src/TrustProxies.php(57): Illuminate\\Pipeline\\Pipeline->Illuminate\\Pipeline\\{closure}(Object(Illuminate\\Http\\Request))
#30 /home/vandeco/Documentos/Metrica-Laravel-v2.1.0/Admin/vendor/laravel/framework/src/Illuminate/Pipeline/Pipeline.php(167): Fideloper\\Proxy\\TrustProxies->handle(Object(Illuminate\\Http\\Request), Object(Closure))
#31 /home/vandeco/Documentos/Metrica-Laravel-v2.1.0/Admin/vendor/laravel/framework/src/Illuminate/Pipeline/Pipeline.php(103): Illuminate\\Pipeline\\Pipeline->Illuminate\\Pipeline\\{closure}(Object(Illuminate\\Http\\Request))
#32 /home/vandeco/Documentos/Metrica-Laravel-v2.1.0/Admin/vendor/laravel/framework/src/Illuminate/Foundation/Http/Kernel.php(140): Illuminate\\Pipeline\\Pipeline->then(Object(Closure))
#33 /home/vandeco/Documentos/Metrica-Laravel-v2.1.0/Admin/vendor/laravel/framework/src/Illuminate/Foundation/Http/Kernel.php(109): Illuminate\\Foundation\\Http\\Kernel->sendRequestThroughRouter(Object(Illuminate\\Http\\Request))
#34 /home/vandeco/Documentos/Metrica-Laravel-v2.1.0/Admin/public/index.php(55): Illuminate\\Foundation\\Http\\Kernel->handle(Object(Illuminate\\Http\\Request))
#35 /home/vandeco/Documentos/Metrica-Laravel-v2.1.0/Admin/server.php(21): require_once('/home/vandeco/D...')
#36 {main}
"} 
